<?xml version="1.0" encoding="UTF-8"?>
<testsuite time='0.000724' skipped='0' failures='0' errors='0' name="Utf8CleanTest" assertions='3' tests='1' timestamp="2024-10-29T09:02:01+00:00">
  <testcase time='0.000724' file="test/id58_test_base.rb" name="test_\nid=&#39;3D97FE&#39;\nos=Alpine\n&#39;cleans invalid encodings&#39;" assertions='3'>
  </testcase>
</testsuite>
