<?xml version="1.0" encoding="UTF-8"?>
<testsuite time='0.004464' skipped='0' failures='0' errors='0' name="TaggedImageNameTest" assertions='126' tests='5' timestamp="2024-10-29T09:02:01+00:00">
  <testcase time='0.000231' file="test/id58_test_base.rb" name="test_\nid=&#39;9g8002&#39;\nos=Alpine\n&#39;unchanged when a tag and a digest&#39;" assertions='12'>
  </testcase>
  <testcase time='0.001069' file="test/id58_test_base.rb" name="test_\nid=&#39;9g8003&#39;\nos=Alpine\n&#39;tagged with :latest when no tag and no digest&#39;" assertions='20'>
  </testcase>
  <testcase time='0.000397' file="test/id58_test_base.rb" name="test_\nid=&#39;9g8000&#39;\nos=Alpine\n&#39;malformed_image_name&#39;" assertions='24'>
  </testcase>
  <testcase time='0.000844' file="test/id58_test_base.rb" name="test_\nid=&#39;9g8004&#39;\nos=Alpine\n&#39;tagged with :latest when no tag and a digest&#39;" assertions='12'>
  </testcase>
  <testcase time='0.001923' file="test/id58_test_base.rb" name="test_\nid=&#39;9g8001&#39;\nos=Alpine\n&#39;unchanged when a tag and no digest&#39;" assertions='58'>
  </testcase>
</testsuite>
