<?xml version="1.0" encoding="UTF-8"?>
<testsuite time='0.000214' skipped='0' failures='0' errors='0' name="AsynchronousThreaderTest" assertions='2' tests='1' timestamp="2024-10-29T09:02:01+00:00">
  <testcase time='0.000214' file="test/id58_test_base.rb" name="test_\nid=&#39;3H9Ps3&#39;\nos=Alpine\n&#39;a simple object-wrapper to allow instance-level stubbing&#39;" assertions='2'>
  </testcase>
</testsuite>
