<?xml version="1.0" encoding="UTF-8"?>
<testsuite time='0.000082' skipped='0' failures='0' errors='0' name="SandboxTest" assertions='4' tests='3' timestamp="2024-10-29T09:02:01+00:00">
  <testcase time='0.000038' file="test/id58_test_base.rb" name="test_\nid=&#39;d2bd55&#39;\nos=Alpine\n&#39;empty files no-ops&#39;" assertions='2'>
  </testcase>
  <testcase time='0.000024' file="test/id58_test_base.rb" name="test_\nid=&#39;d2bd56&#39;\nos=Alpine\n&#39;Sandbox.in prefixes filenames with sandbox/ note there is no leading slash because tar prefers relative paths&#39;" assertions='1'>
  </testcase>
  <testcase time='0.000020' file="test/id58_test_base.rb" name="test_\nid=&#39;d2bd57&#39;\nos=Alpine\n&#39;Sandbox.out reverses Sandbox.in&#39;" assertions='1'>
  </testcase>
</testsuite>
