<?xml version="1.0" encoding="UTF-8"?>
<testsuite time='0.000252' skipped='0' failures='0' errors='0' name="FilesDeltaTest" assertions='10' tests='5' timestamp="2024-10-29T09:02:01+00:00">
  <testcase time='0.000030' file="test/id58_test_base.rb" name="test_\nid=&#39;5C2E79&#39;\nos=Alpine\n&#39;new content&#39;" assertions='2'>
  </testcase>
  <testcase time='0.000030' file="test/id58_test_base.rb" name="test_\nid=&#39;5C2E80&#39;\nos=Alpine\n&#39;new empty content&#39;" assertions='2'>
  </testcase>
  <testcase time='0.000018' file="test/id58_test_base.rb" name="test_\nid=&#39;5C2E76&#39;\nos=Alpine\n&#39;unchanged content&#39;" assertions='2'>
  </testcase>
  <testcase time='0.000156' file="test/id58_test_base.rb" name="test_\nid=&#39;5C2q77&#39;\nos=Alpine\n&#39;changed content caused by string cleaning&#39;" assertions='2'>
  </testcase>
  <testcase time='0.000018' file="test/id58_test_base.rb" name="test_\nid=&#39;5C2E77&#39;\nos=Alpine\n&#39;changed content&#39;" assertions='2'>
  </testcase>
</testsuite>
