<?xml version="1.0" encoding="UTF-8"?>
<testsuite time='0.000221' skipped='0' failures='0' errors='0' name="GnuZipTest" assertions='2' tests='2' timestamp="2024-10-29T09:02:01+00:00">
  <testcase time='0.000145' file="test/id58_test_base.rb" name="test_\nid=&#39;Cw44A1&#39;\nos=Alpine\n&#39;simple gzip round-trip of non-empty string&#39;" assertions='1'>
  </testcase>
  <testcase time='0.000076' file="test/id58_test_base.rb" name="test_\nid=&#39;Cw44A2&#39;\nos=Alpine\n&#39;simple gzip round-trip of empty string&#39;" assertions='1'>
  </testcase>
</testsuite>
