<?xml version="1.0" encoding="UTF-8"?>
<testsuite time='0.005364' skipped='0' failures='0' errors='0' name="RunFaultyGzipErrorTest" assertions='3' tests='1' timestamp="2024-10-29T09:02:01+00:00">
  <testcase time='0.005364' file="test/id58_test_base.rb" name="test_\nid=&#39;c7Cd55&#39;\nos=Alpine\n&#39;outcome is faulty when status is non zero&#39;" assertions='3'>
  </testcase>
</testsuite>
