<?xml version="1.0" encoding="UTF-8"?>
<testsuite time='0.000356' skipped='0' failures='0' errors='0' name="BashShellerStubTest" assertions='8' tests='6' timestamp="2024-10-29T09:02:01+00:00">
  <testcase time='0.000088' file="test/id58_test_base.rb" name="test_\nid=&#39;F03181&#39;\nos=Alpine\n&#39;capture() raises when capture() is stubbed but for a different command&#39;" assertions='1'>
  </testcase>
  <testcase time='0.000055' file="test/id58_test_base.rb" name="test_\nid=&#39;F034A5&#39;\nos=Alpine\n&#39;teardown does not raise when no capture()s are stubbed and no capture()s are made&#39;" assertions='0'>
  </testcase>
  <testcase time='0.000094' file="test/id58_test_base.rb" name="test_\nid=&#39;F03D0C&#39;\nos=Alpine\n&#39;teardown raises when a capture() is stubbed and no capture() is made&#39;" assertions='1'>
  </testcase>
  <testcase time='0.000036' file="test/id58_test_base.rb" name="test_\nid=&#39;F03652&#39;\nos=Alpine\n&#39;capture() raises when capture() is not stubbed&#39;" assertions='1'>
  </testcase>
  <testcase time='0.000043' file="test/id58_test_base.rb" name="test_\nid=&#39;F03B4E&#39;\nos=Alpine\n&#39;teardown does not raise when one capture() is stubbed and a matching capture() is made&#39;" assertions='3'>
  </testcase>
  <testcase time='0.000041' file="test/id58_test_base.rb" name="test_\nid=&#39;F03470&#39;\nos=Alpine\n&#39;teardown does not raise when there is an uncaught exception&#39;" assertions='2'>
  </testcase>
</testsuite>
