<?xml version="1.0" encoding="UTF-8"?>
<testsuite time='0.000100' skipped='0' failures='0' errors='0' name="Dual::ProberTest" assertions='2' tests='2' timestamp="2024-10-29T09:02:01+00:00">
  <testcase time='0.000064' file="test/id58_test_base.rb" name="test_\nid=&#39;6de190&#39;\nos=Alpine\n&#39;alive? is true&#39;" assertions='1'>
  </testcase>
  <testcase time='0.000037' file="test/id58_test_base.rb" name="test_\nid=&#39;6de191&#39;\nos=Alpine\n&#39;ready? is true&#39;" assertions='1'>
  </testcase>
</testsuite>
