<?xml version="1.0" encoding="UTF-8"?>
<testsuite time='0.001249' skipped='0' failures='0' errors='0' name="ProcessSpawnerStubTest" assertions='2' tests='1' timestamp="2024-10-29T09:02:01+00:00">
  <testcase time='0.001249' file="test/id58_test_base.rb" name="test_\nid=&#39;A3rKb1&#39;\nos=Alpine\n&#39;to stub, make a call without any args and with a block taking args, and a subsequent call will ignore its args, and pass the args to the block&#39;" assertions='2'>
  </testcase>
</testsuite>
