<?xml version="1.0" encoding="UTF-8"?>
<testsuite time='0.005078' skipped='0' failures='0' errors='0' name="ProcessSpawnerTest" assertions='1' tests='1' timestamp="2024-10-29T09:02:01+00:00">
  <testcase time='0.005078' file="test/id58_test_base.rb" name="test_\nid=&#39;h9US3e&#39;\nos=Alpine\n&#39;a simple object-wrapper to allow instance-level stubbing&#39;" assertions='1'>
  </testcase>
</testsuite>
